Startpoint: wake_up (input port clocked by clk)
Endpoint: _161_ (rising edge-triggered flip-flop clocked by clk)
Path Group: clk
Path Type: min

       Cap       Slew      Delay       Time   Description
-----------------------------------------------------------------------------------
              0.00000    0.00000    0.00000   clock clk (rise edge)
                         1.30000    1.30000   clock network delay (ideal)
                         0.50000    1.80000 ^ input external delay
   0.00185    0.00000    0.00000    1.80000 ^ wake_up (in)
              0.00000    0.00000    1.80000 ^ _161_/D (sky130_fd_sc_hd__dfrtp_1)
                                    1.80000   data arrival time

              0.00000    0.00000    0.00000   clock clk (rise edge)
                         1.30000    1.30000   clock network delay (ideal)
                         0.10000    1.40000   clock uncertainty
                         0.00000    1.40000   clock reconvergence pessimism
                                    1.40000 ^ _161_/CLK (sky130_fd_sc_hd__dfrtp_1)
                        -0.07243    1.32757   library hold time
                                    1.32757   data required time
-----------------------------------------------------------------------------------
                                    1.32757   data required time
                                   -1.80000   data arrival time
-----------------------------------------------------------------------------------
                                    0.47243   slack (MET)


Startpoint: retention_ready (input port clocked by clk)
Endpoint: _154_ (rising edge-triggered flip-flop clocked by clk)
Path Group: clk
Path Type: max

       Cap       Slew      Delay       Time   Description
-----------------------------------------------------------------------------------
              0.00000    0.00000    0.00000   clock clk (rise edge)
                         1.30000    1.30000   clock network delay (ideal)
                         3.00000    4.30000 ^ input external delay
   0.00623    0.00000    0.00000    4.30000 ^ retention_ready (in)
              0.00000    0.00000    4.30000 ^ _095_/A_N (sky130_fd_sc_hd__nand3b_1)
   0.00492    0.16096    0.16242    4.46242 ^ _095_/Y (sky130_fd_sc_hd__nand3b_1)
              0.16096    0.00000    4.46242 ^ _096_/A4 (sky130_fd_sc_hd__a41oi_1)
   0.00632    0.30760    0.38292    4.84534 v _096_/Y (sky130_fd_sc_hd__a41oi_1)
              0.30760    0.00000    4.84534 v _112_/C1 (sky130_fd_sc_hd__a2111oi_0)
   0.01992    2.55727    2.19989    7.04523 ^ _112_/Y (sky130_fd_sc_hd__a2111oi_0)
              2.55727    0.00000    7.04523 ^ _119_/A (sky130_fd_sc_hd__nor4_1)
   0.00184    0.35286    0.60908    7.65431 v _119_/Y (sky130_fd_sc_hd__nor4_1)
              0.35286    0.00000    7.65431 v _154_/D (sky130_fd_sc_hd__dfrtp_1)
                                    7.65431   data arrival time

              0.00000   10.00000   10.00000   clock clk (rise edge)
                         1.30000   11.30000   clock network delay (ideal)
                        -0.30000   11.00000   clock uncertainty
                         0.00000   11.00000   clock reconvergence pessimism
                                   11.00000 ^ _154_/CLK (sky130_fd_sc_hd__dfrtp_1)
                        -0.41334   10.58666   library setup time
                                   10.58666   data required time
-----------------------------------------------------------------------------------
                                   10.58666   data required time
                                   -7.65431   data arrival time
-----------------------------------------------------------------------------------
                                    2.93235   slack (MET)


