Startpoint: wake_up (input port clocked by clk)
Endpoint: _161_ (rising edge-triggered flip-flop clocked by clk)
Path Group: clk
Path Type: min

       Cap       Slew      Delay       Time   Description
-----------------------------------------------------------------------------------
              0.00000    0.00000    0.00000   clock clk (rise edge)
                         1.30000    1.30000   clock network delay (ideal)
                         0.50000    1.80000 ^ input external delay
   0.00171    0.00000    0.00000    1.80000 ^ wake_up (in)
              0.00000    0.00000    1.80000 ^ _161_/D (sky130_fd_sc_hd__dfrtp_1)
                                    1.80000   data arrival time

              0.00000    0.00000    0.00000   clock clk (rise edge)
                         1.30000    1.30000   clock network delay (ideal)
                         0.10000    1.40000   clock uncertainty
                         0.00000    1.40000   clock reconvergence pessimism
                                    1.40000 ^ _161_/CLK (sky130_fd_sc_hd__dfrtp_1)
                        -0.08701    1.31299   library hold time
                                    1.31299   data required time
-----------------------------------------------------------------------------------
                                    1.31299   data required time
                                   -1.80000   data arrival time
-----------------------------------------------------------------------------------
                                    0.48701   slack (MET)


Startpoint: _152_ (rising edge-triggered flip-flop clocked by clk)
Endpoint: _154_ (rising edge-triggered flip-flop clocked by clk)
Path Group: clk
Path Type: max

       Cap       Slew      Delay       Time   Description
-----------------------------------------------------------------------------------
              0.00000    0.00000    0.00000   clock clk (rise edge)
                         1.30000    1.30000   clock network delay (ideal)
              0.00000    0.00000    1.30000 ^ _152_/CLK (sky130_fd_sc_hd__dfrtp_1)
   0.02007    0.26599    1.43692    2.73692 v _152_/Q (sky130_fd_sc_hd__dfrtp_1)
              0.26599    0.00000    2.73692 v _087_/A (sky130_fd_sc_hd__lpflow_inputiso1p_1)
   0.00396    0.16239    1.08280    3.81971 v _087_/X (sky130_fd_sc_hd__lpflow_inputiso1p_1)
              0.16239    0.00000    3.81971 v _103_/B1 (sky130_fd_sc_hd__a21o_1)
   0.00398    0.09697    0.64138    4.46109 v _103_/X (sky130_fd_sc_hd__a21o_1)
              0.09697    0.00000    4.46109 v _108_/A2 (sky130_fd_sc_hd__a211o_1)
   0.00349    0.14249    1.26304    5.72414 v _108_/X (sky130_fd_sc_hd__a211o_1)
              0.14249    0.00000    5.72414 v _112_/B1 (sky130_fd_sc_hd__a2111oi_0)
   0.01762    5.37191    4.82318   10.54732 ^ _112_/Y (sky130_fd_sc_hd__a2111oi_0)
              5.37191    0.00000   10.54732 ^ _119_/A (sky130_fd_sc_hd__nor4_1)
   0.00161    0.48528    1.78299   12.33031 v _119_/Y (sky130_fd_sc_hd__nor4_1)
              0.48528    0.00000   12.33031 v _154_/D (sky130_fd_sc_hd__dfrtp_1)
                                   12.33031   data arrival time

              0.00000   10.00000   10.00000   clock clk (rise edge)
                         1.30000   11.30000   clock network delay (ideal)
                        -0.30000   11.00000   clock uncertainty
                         0.00000   11.00000   clock reconvergence pessimism
                                   11.00000 ^ _154_/CLK (sky130_fd_sc_hd__dfrtp_1)
                        -1.08622    9.91378   library setup time
                                    9.91378   data required time
-----------------------------------------------------------------------------------
                                    9.91378   data required time
                                  -12.33031   data arrival time
-----------------------------------------------------------------------------------
                                   -2.41653   slack (VIOLATED)


