#! /usr/bin/vvp
:ivl_version "11.0 (stable)";
:ivl_delay_selection "TYPICAL";
:vpi_time_precision - 12;
:vpi_module "/usr/lib/x86_64-linux-gnu/ivl/system.vpi";
:vpi_module "/usr/lib/x86_64-linux-gnu/ivl/vhdl_sys.vpi";
:vpi_module "/usr/lib/x86_64-linux-gnu/ivl/vhdl_textio.vpi";
:vpi_module "/usr/lib/x86_64-linux-gnu/ivl/v2005_math.vpi";
:vpi_module "/usr/lib/x86_64-linux-gnu/ivl/va_math.vpi";
S_0x563b3b072140 .scope module, "tb_good_shift_reg" "tb_good_shift_reg" 2 2;
 .timescale -9 -12;
v0x563b3b084380_0 .var "clk", 0 0;
v0x563b3b084440_0 .var "d", 0 0;
v0x563b3b084510_0 .net "dout", 0 0, v0x563b3b084060_0;  1 drivers
v0x563b3b084610_0 .var "rst", 0 0;
S_0x563b3b0722d0 .scope module, "uut" "good_shift_reg" 2 9, 3 1 0, S_0x563b3b072140;
 .timescale 0 0;
    .port_info 0 /INPUT 1 "clk";
    .port_info 1 /INPUT 1 "rst";
    .port_info 2 /INPUT 1 "d";
    .port_info 3 /OUTPUT 1 "dout";
v0x563b3b039ba0_0 .net "clk", 0 0, v0x563b3b084380_0;  1 drivers
v0x563b3b083fa0_0 .net "d", 0 0, v0x563b3b084440_0;  1 drivers
v0x563b3b084060_0 .var "dout", 0 0;
v0x563b3b084130_0 .var "q1", 0 0;
v0x563b3b0841f0_0 .net "rst", 0 0, v0x563b3b084610_0;  1 drivers
E_0x563b3b070c80 .event posedge, v0x563b3b0841f0_0, v0x563b3b039ba0_0;
    .scope S_0x563b3b0722d0;
T_0 ;
    %wait E_0x563b3b070c80;
    %load/vec4 v0x563b3b0841f0_0;
    %flag_set/vec4 8;
    %jmp/0xz  T_0.0, 8;
    %pushi/vec4 0, 0, 1;
    %assign/vec4 v0x563b3b084130_0, 0;
    %pushi/vec4 0, 0, 1;
    %assign/vec4 v0x563b3b084060_0, 0;
    %jmp T_0.1;
T_0.0 ;
    %load/vec4 v0x563b3b084130_0;
    %assign/vec4 v0x563b3b084060_0, 0;
    %load/vec4 v0x563b3b083fa0_0;
    %assign/vec4 v0x563b3b084130_0, 0;
T_0.1 ;
    %jmp T_0;
    .thread T_0;
    .scope S_0x563b3b072140;
T_1 ;
    %vpi_call 2 17 "$dumpfile", "tb_good_shift_reg.vcd" {0 0 0};
    %vpi_call 2 18 "$dumpvars", 32'sb00000000000000000000000000000000, S_0x563b3b072140 {0 0 0};
    %pushi/vec4 0, 0, 1;
    %store/vec4 v0x563b3b084380_0, 0, 1;
    %pushi/vec4 1, 0, 1;
    %store/vec4 v0x563b3b084610_0, 0, 1;
    %pushi/vec4 0, 0, 1;
    %store/vec4 v0x563b3b084440_0, 0, 1;
    %delay 3000000, 0;
    %vpi_call 2 23 "$finish" {0 0 0};
    %end;
    .thread T_1;
    .scope S_0x563b3b072140;
T_2 ;
    %delay 20000, 0;
    %load/vec4 v0x563b3b084380_0;
    %inv;
    %store/vec4 v0x563b3b084380_0, 0, 1;
    %jmp T_2;
    .thread T_2;
    .scope S_0x563b3b072140;
T_3 ;
    %delay 223000, 0;
    %load/vec4 v0x563b3b084440_0;
    %inv;
    %store/vec4 v0x563b3b084440_0, 0, 1;
    %jmp T_3;
    .thread T_3;
    .scope S_0x563b3b072140;
T_4 ;
    %delay 147000, 0;
    %pushi/vec4 0, 0, 1;
    %store/vec4 v0x563b3b084610_0, 0, 1;
    %jmp T_4;
    .thread T_4;
# The file index is used to find the file name in the following table.
:file_names 4;
    "N/A";
    "<interactive>";
    "tb_good_shift_reg.v";
    "good_shift_reg.v";
