Startpoint: _161_ (rising edge-triggered flip-flop clocked by clk)
Endpoint: _165_ (rising edge-triggered flip-flop clocked by clk)
Path Group: clk
Path Type: min

       Cap       Slew      Delay       Time   Description
-----------------------------------------------------------------------------------
              0.00000    0.00000    0.00000   clock clk (rise edge)
                         1.30000    1.30000   clock network delay (ideal)
              0.00000    0.00000    1.30000 ^ _161_/CLK (sky130_fd_sc_hd__dfrtp_1)
   0.00206    0.03800    0.24462    1.54462 ^ _161_/Q (sky130_fd_sc_hd__dfrtp_1)
              0.03800    0.00000    1.54462 ^ _165_/D (sky130_fd_sc_hd__dfrtp_1)
                                    1.54462   data arrival time

              0.00000    0.00000    0.00000   clock clk (rise edge)
                         1.30000    1.30000   clock network delay (ideal)
                         0.10000    1.40000   clock uncertainty
                         0.00000    1.40000   clock reconvergence pessimism
                                    1.40000 ^ _165_/CLK (sky130_fd_sc_hd__dfrtp_1)
                        -0.03143    1.36857   library hold time
                                    1.36857   data required time
-----------------------------------------------------------------------------------
                                    1.36857   data required time
                                   -1.54462   data arrival time
-----------------------------------------------------------------------------------
                                    0.17604   slack (MET)


Startpoint: clk_stable (input port clocked by clk)
Endpoint: error (output port clocked by clk)
Path Group: clk
Path Type: max

       Cap       Slew      Delay       Time   Description
-----------------------------------------------------------------------------------
              0.00000    0.00000    0.00000   clock clk (rise edge)
                         1.30000    1.30000   clock network delay (ideal)
                         3.00000    4.30000 ^ input external delay
   0.00473    0.00000    0.00000    4.30000 ^ clk_stable (in)
              0.00000    0.00000    4.30000 ^ _110_/A2 (sky130_fd_sc_hd__a41oi_1)
   0.00233    0.08330    0.07577    4.37577 v _110_/Y (sky130_fd_sc_hd__a41oi_1)
              0.08330    0.00000    4.37577 v _111_/B1 (sky130_fd_sc_hd__a211oi_1)
   0.02000    0.55694    0.36058    4.73635 ^ _111_/Y (sky130_fd_sc_hd__a211oi_1)
              0.55694    0.00000    4.73635 ^ error (out)
                                    4.73635   data arrival time

              0.00000   10.00000   10.00000   clock clk (rise edge)
                         1.30000   11.30000   clock network delay (ideal)
                        -0.30000   11.00000   clock uncertainty
                         0.00000   11.00000   clock reconvergence pessimism
                        -2.00000    9.00000   output external delay
                                    9.00000   data required time
-----------------------------------------------------------------------------------
                                    9.00000   data required time
                                   -4.73635   data arrival time
-----------------------------------------------------------------------------------
                                    4.26365   slack (MET)


